<?xml version="1.0" encoding="UTF-8"?>
<testng-results skipped="0" failed="0" total="1" passed="1">
  <reporter-output>
  </reporter-output>
  <suite name="Default suite" duration-ms="47" started-at="2021-10-31T13:29:52Z" finished-at="2021-10-31T13:29:52Z">
    <groups>
    </groups>
    <test name="Default test" duration-ms="47" started-at="2021-10-31T13:29:52Z" finished-at="2021-10-31T13:29:52Z">
      <class name="com.pawan.runner.Runner">
        <test-method status="PASS" signature="runner()[pri:0, instance:com.pawan.runner.Runner@70be0a2b]" name="runner" duration-ms="23" started-at="2021-10-31T18:59:52Z" finished-at="2021-10-31T18:59:52Z">
          <reporter-output>
          </reporter-output>
        </test-method> <!-- runner -->
      </class> <!-- com.pawan.runner.Runner -->
    </test> <!-- Default test -->
  </suite> <!-- Default suite -->
</testng-results>
